
28-Sep-22 00:24:22-INFO> 
---END OF GENERATION 1---
Fittest Score: 2.149999999999998
Fittest Pipes passed: 0
Track 0.00% completed

28-Sep-22 00:24:26-INFO> 
---END OF GENERATION 2---
Fittest Score: 8.01999999999998
Fittest Pipes passed: 1
Track 2.00% completed

28-Sep-22 00:24:31-INFO> 
---END OF GENERATION 3---
Fittest Score: 8.01999999999998
Fittest Pipes passed: 1
Track 2.00% completed

28-Sep-22 00:24:34-INFO> 
---END OF GENERATION 4---
Fittest Score: 1.9900000000000015
Fittest Pipes passed: 0
Track 0.00% completed

28-Sep-22 00:24:38-INFO> 
---END OF GENERATION 5---
Fittest Score: 2.199999999999997
Fittest Pipes passed: 0
Track 0.00% completed

28-Sep-22 00:24:41-INFO> 
---END OF GENERATION 6---
Fittest Score: 2.109999999999999
Fittest Pipes passed: 0
Track 0.00% completed

28-Sep-22 00:24:44-INFO> 
---END OF GENERATION 7---
Fittest Score: 1.7600000000000013
Fittest Pipes passed: 0
Track 0.00% completed

28-Sep-22 00:24:47-INFO> 
---END OF GENERATION 8---
Fittest Score: 1.7600000000000013
Fittest Pipes passed: 0
Track 0.00% completed

28-Sep-22 00:24:52-INFO> 
---END OF GENERATION 9---
Fittest Score: 8.03999999999998
Fittest Pipes passed: 1
Track 2.00% completed

28-Sep-22 00:24:56-INFO> 
---END OF GENERATION 10---
Fittest Score: 8.159999999999977
Fittest Pipes passed: 1
Track 2.00% completed

28-Sep-22 00:25:06-INFO> 
---END OF GENERATION 11---
Fittest Score: 27.560000000000308
Fittest Pipes passed: 4
Track 8.00% completed

28-Sep-22 00:25:19-INFO> 
---END OF GENERATION 12---
Fittest Score: 40.44999999999993
Fittest Pipes passed: 6
Track 12.00% completed

28-Sep-22 00:25:29-INFO> 
---END OF GENERATION 13---
Fittest Score: 28.000000000000377
Fittest Pipes passed: 4
Track 8.00% completed

28-Sep-22 00:25:32-INFO> 
---END OF GENERATION 14---
Fittest Score: 1.9100000000000015
Fittest Pipes passed: 0
Track 0.00% completed

28-Sep-22 00:25:35-INFO> 
---END OF GENERATION 15---
Fittest Score: 1.9000000000000015
Fittest Pipes passed: 0
Track 0.00% completed

28-Sep-22 00:25:38-INFO> 
---END OF GENERATION 16---
Fittest Score: 1.9100000000000015
Fittest Pipes passed: 0
Track 0.00% completed

28-Sep-22 00:25:41-INFO> 
---END OF GENERATION 17---
Fittest Score: 1.9100000000000015
Fittest Pipes passed: 0
Track 0.00% completed

28-Sep-22 00:25:44-INFO> 
---END OF GENERATION 18---
Fittest Score: 1.9100000000000015
Fittest Pipes passed: 0
Track 0.00% completed

28-Sep-22 00:25:52-INFO> 
---END OF GENERATION 19---
Fittest Score: 14.529999999999948
Fittest Pipes passed: 2
Track 4.00% completed

28-Sep-22 00:25:57-INFO> 
---END OF GENERATION 20---
Fittest Score: 8.099999999999978
Fittest Pipes passed: 1
Track 2.00% completed

28-Sep-22 00:26:01-INFO> 
---END OF GENERATION 21---
Fittest Score: 8.099999999999978
Fittest Pipes passed: 1
Track 2.00% completed

28-Sep-22 00:26:05-INFO> 
---END OF GENERATION 22---
Fittest Score: 1.9100000000000015
Fittest Pipes passed: 0
Track 0.00% completed

28-Sep-22 00:26:08-INFO> 
---END OF GENERATION 23---
Fittest Score: 1.9300000000000015
Fittest Pipes passed: 0
Track 0.00% completed

28-Sep-22 00:26:14-INFO> 
---END OF GENERATION 24---
Fittest Score: 14.979999999999938
Fittest Pipes passed: 2
Track 4.00% completed

28-Sep-22 00:26:34-INFO> 
---END OF GENERATION 25---
Fittest Score: 66.78999999999961
Fittest Pipes passed: 10
Track 20.00% completed

28-Sep-22 00:27:00-INFO> 
---END OF GENERATION 26---
Fittest Score: 92.6500000000026
Fittest Pipes passed: 14
Track 28.00% completed

28-Sep-22 00:27:14-INFO> 
---END OF GENERATION 27---
Fittest Score: 47.039999999999615
Fittest Pipes passed: 7
Track 14.00% completed

28-Sep-22 00:27:19-INFO> 
---END OF GENERATION 28---
Fittest Score: 8.629999999999967
Fittest Pipes passed: 1
Track 2.00% completed

28-Sep-22 00:27:44-INFO> 
---END OF GENERATION 29---
Fittest Score: 85.97000000000175
Fittest Pipes passed: 13
Track 26.00% completed

28-Sep-22 00:27:49-INFO> 
---END OF GENERATION 30---
Fittest Score: 8.629999999999967
Fittest Pipes passed: 1
Track 2.00% completed

28-Sep-22 00:27:54-INFO> 
---END OF GENERATION 31---
Fittest Score: 8.169999999999977
Fittest Pipes passed: 1
Track 2.00% completed

28-Sep-22 00:28:04-INFO> 
---END OF GENERATION 32---
Fittest Score: 28.03000000000038
Fittest Pipes passed: 4
Track 8.00% completed

28-Sep-22 00:28:23-INFO> 
---END OF GENERATION 33---
Fittest Score: 53.90999999999924
Fittest Pipes passed: 8
Track 16.00% completed

28-Sep-22 00:28:29-INFO> 
---END OF GENERATION 34---
Fittest Score: 8.609999999999967
Fittest Pipes passed: 1
Track 2.00% completed

28-Sep-22 00:28:41-INFO> 
---END OF GENERATION 35---
Fittest Score: 27.470000000000294
Fittest Pipes passed: 4
Track 8.00% completed

28-Sep-22 00:28:49-INFO> 
---END OF GENERATION 36---
Fittest Score: 20.98000000000006
Fittest Pipes passed: 3
Track 6.00% completed

28-Sep-22 00:29:02-INFO> 
---END OF GENERATION 37---
Fittest Score: 34.39000000000014
Fittest Pipes passed: 5
Track 10.00% completed

28-Sep-22 00:29:13-INFO> 
---END OF GENERATION 38---
Fittest Score: 27.5200000000003
Fittest Pipes passed: 4
Track 8.00% completed

28-Sep-22 00:29:19-INFO> 
---END OF GENERATION 39---
Fittest Score: 14.509999999999948
Fittest Pipes passed: 2
Track 4.00% completed

28-Sep-22 00:29:32-INFO> 
---END OF GENERATION 40---
Fittest Score: 34.46000000000013
Fittest Pipes passed: 5
Track 10.00% completed

28-Sep-22 00:29:43-INFO> 
---END OF GENERATION 41---
Fittest Score: 27.96000000000037
Fittest Pipes passed: 4
Track 8.00% completed

28-Sep-22 00:29:50-INFO> 
---END OF GENERATION 42---
Fittest Score: 14.989999999999938
Fittest Pipes passed: 2
Track 4.00% completed

28-Sep-22 00:31:18-INFO> 
---END OF GENERATION 43---
Fittest Score: 324.25999999996634
Fittest Pipes passed: 50
Track 100.00% completed

28-Sep-22 00:32:48-INFO> 
---END OF GENERATION 44---
Fittest Score: 324.25999999996634
Fittest Pipes passed: 50
Track 100.00% completed

28-Sep-22 00:34:09-INFO> 
---END OF GENERATION 45---
Fittest Score: 324.25999999996634
Fittest Pipes passed: 50
Track 100.00% completed

28-Sep-22 00:35:28-INFO> 
---END OF GENERATION 46---
Fittest Score: 324.25999999996634
Fittest Pipes passed: 50
Track 100.00% completed

28-Sep-22 00:36:47-INFO> 
---END OF GENERATION 47---
Fittest Score: 324.25999999996634
Fittest Pipes passed: 50
Track 100.00% completed

28-Sep-22 00:38:06-INFO> 
---END OF GENERATION 48---
Fittest Score: 324.25999999996634
Fittest Pipes passed: 50
Track 100.00% completed

28-Sep-22 00:39:26-INFO> 
---END OF GENERATION 49---
Fittest Score: 324.25999999996634
Fittest Pipes passed: 50
Track 100.00% completed

28-Sep-22 00:40:48-INFO> 
---END OF GENERATION 50---
Fittest Score: 324.25999999996634
Fittest Pipes passed: 50
Track 100.00% completed
